[debug] [2021-07-22T08:46:25.451Z] ----------------------------------------------------------------------
[debug] [2021-07-22T08:46:25.453Z] Command:       /usr/local/bin/node /usr/local/bin/firebase deploy
[debug] [2021-07-22T08:46:25.454Z] CLI Version:   9.16.0
[debug] [2021-07-22T08:46:25.454Z] Platform:      darwin
[debug] [2021-07-22T08:46:25.454Z] Node Version:  v16.4.0
[debug] [2021-07-22T08:46:25.455Z] Time:          Thu Jul 22 2021 09:46:25 GMT+0100 (Western European Summer Time)
[debug] [2021-07-22T08:46:25.455Z] ----------------------------------------------------------------------
[debug] 
[debug] [2021-07-22T08:46:25.508Z] Object "" in "firebase.json" has unknown property: {"additionalProperty":"headers"}
[debug] [2021-07-22T08:46:25.511Z] > command requires scopes: ["email","openid","https://www.googleapis.com/auth/cloudplatformprojects.readonly","https://www.googleapis.com/auth/firebase","https://www.googleapis.com/auth/cloud-platform"]
[debug] [2021-07-22T08:46:25.512Z] > authorizing via signed-in user (migtavares6@gmail.com)
[debug] [2021-07-22T08:46:25.512Z] [iam] checking project waldo-39119 for permissions ["firebase.projects.get","firebasehosting.sites.update"]
[debug] [2021-07-22T08:46:25.514Z] >>> HTTP REQUEST POST https://cloudresourcemanager.googleapis.com/v1/projects/waldo-39119:testIamPermissions  
 {"permissions":["firebase.projects.get","firebasehosting.sites.update"]}
[debug] [2021-07-22T08:46:26.470Z] <<< HTTP RESPONSE 200 {"content-type":"application/json; charset=UTF-8","vary":"X-Origin, Referer, Origin,Accept-Encoding","date":"Thu, 22 Jul 2021 08:46:26 GMT","server":"ESF","cache-control":"private","x-xss-protection":"0","x-frame-options":"SAMEORIGIN","x-content-type-options":"nosniff","server-timing":"gfet4t7; dur=629","alt-svc":"h3=\":443\"; ma=2592000,h3-29=\":443\"; ma=2592000,h3-T051=\":443\"; ma=2592000,h3-Q050=\":443\"; ma=2592000,h3-Q046=\":443\"; ma=2592000,h3-Q043=\":443\"; ma=2592000,quic=\":443\"; ma=2592000; v=\"46,43\"","accept-ranges":"none","transfer-encoding":"chunked"}
[debug] [2021-07-22T08:46:26.472Z] > refreshing access token with scopes: []
[debug] [2021-07-22T08:46:26.472Z] >>> HTTP REQUEST POST https://www.googleapis.com/oauth2/v3/token  
 <request body omitted>
[debug] [2021-07-22T08:46:26.664Z] <<< HTTP RESPONSE 200 {"date":"Thu, 22 Jul 2021 08:46:26 GMT","cache-control":"no-cache, no-store, max-age=0, must-revalidate","expires":"Mon, 01 Jan 1990 00:00:00 GMT","pragma":"no-cache","content-type":"application/json; charset=utf-8","vary":"X-Origin, Referer, Origin,Accept-Encoding","server":"scaffolding on HTTPServer2","x-xss-protection":"0","x-frame-options":"SAMEORIGIN","x-content-type-options":"nosniff","alt-svc":"h3=\":443\"; ma=2592000,h3-29=\":443\"; ma=2592000,h3-T051=\":443\"; ma=2592000,h3-Q050=\":443\"; ma=2592000,h3-Q046=\":443\"; ma=2592000,h3-Q043=\":443\"; ma=2592000,quic=\":443\"; ma=2592000; v=\"46,43\"","accept-ranges":"none","transfer-encoding":"chunked"}
[debug] [2021-07-22T08:46:26.704Z] >>> [apiv2][query] GET https://firebase.googleapis.com/v1beta1/projects/waldo-39119 [none]
[debug] [2021-07-22T08:46:26.993Z] <<< [apiv2][status] GET https://firebase.googleapis.com/v1beta1/projects/waldo-39119 200
[debug] [2021-07-22T08:46:26.993Z] <<< [apiv2][body] GET https://firebase.googleapis.com/v1beta1/projects/waldo-39119 {"projectId":"waldo-39119","projectNumber":"304422655857","displayName":"Waldo","name":"projects/waldo-39119","resources":{"hostingSite":"waldo-39119","storageBucket":"waldo-39119.appspot.com","locationId":"europe-west"},"state":"ACTIVE"}
[info] 
[info] === Deploying to 'waldo-39119'...
[info] 
[info] i  deploying hosting 
[debug] [2021-07-22T08:46:26.997Z] > refreshing access token with scopes: ["email","https://www.googleapis.com/auth/cloud-platform","https://www.googleapis.com/auth/cloudplatformprojects.readonly","https://www.googleapis.com/auth/firebase","openid"]
[debug] [2021-07-22T08:46:26.997Z] >>> HTTP REQUEST POST https://www.googleapis.com/oauth2/v3/token  
 <request body omitted>
[debug] [2021-07-22T08:46:27.186Z] <<< HTTP RESPONSE 200 {"pragma":"no-cache","expires":"Mon, 01 Jan 1990 00:00:00 GMT","cache-control":"no-cache, no-store, max-age=0, must-revalidate","date":"Thu, 22 Jul 2021 08:46:27 GMT","content-type":"application/json; charset=utf-8","vary":"X-Origin, Referer, Origin,Accept-Encoding","server":"scaffolding on HTTPServer2","x-xss-protection":"0","x-frame-options":"SAMEORIGIN","x-content-type-options":"nosniff","alt-svc":"h3=\":443\"; ma=2592000,h3-29=\":443\"; ma=2592000,h3-T051=\":443\"; ma=2592000,h3-Q050=\":443\"; ma=2592000,h3-Q046=\":443\"; ma=2592000,h3-Q043=\":443\"; ma=2592000,quic=\":443\"; ma=2592000; v=\"46,43\"","accept-ranges":"none","transfer-encoding":"chunked"}
[debug] [2021-07-22T08:46:27.215Z] >>> HTTP REQUEST POST https://firebasehosting.googleapis.com/v1beta1/sites/waldo-39119/versions  
 {"config":{},"labels":{"deployment-tool":"cli-firebase"}}
[debug] [2021-07-22T08:46:32.151Z] <<< HTTP RESPONSE 200 {"content-type":"application/json; charset=UTF-8","vary":"X-Origin, Referer, Origin,Accept-Encoding","date":"Thu, 22 Jul 2021 08:46:32 GMT","server":"ESF","cache-control":"private","x-xss-protection":"0","x-frame-options":"SAMEORIGIN","x-content-type-options":"nosniff","alt-svc":"h3=\":443\"; ma=2592000,h3-29=\":443\"; ma=2592000,h3-T051=\":443\"; ma=2592000,h3-Q050=\":443\"; ma=2592000,h3-Q046=\":443\"; ma=2592000,h3-Q043=\":443\"; ma=2592000,quic=\":443\"; ma=2592000; v=\"46,43\"","accept-ranges":"none","transfer-encoding":"chunked"}
[info] i  hosting[waldo-39119]: beginning deploy... 
[info] i  hosting[waldo-39119]: found 19 files in build 
[debug] [2021-07-22T08:46:32.577Z] > refreshing access token with scopes: []
[debug] [2021-07-22T08:46:32.577Z] >>> HTTP REQUEST POST https://www.googleapis.com/oauth2/v3/token  
 <request body omitted>
[debug] [2021-07-22T08:46:32.580Z] [hosting] hash cache [YnVpbGQ] stored for 19 files
[debug] [2021-07-22T08:46:32.580Z] [hosting][hash queue][FINAL] {"max":407,"min":17,"avg":54.421052631578945,"active":0,"complete":19,"success":19,"errored":0,"retried":0,"total":19,"elapsed":415}
[debug] [2021-07-22T08:46:32.764Z] <<< HTTP RESPONSE 200 {"expires":"Mon, 01 Jan 1990 00:00:00 GMT","cache-control":"no-cache, no-store, max-age=0, must-revalidate","date":"Thu, 22 Jul 2021 08:46:32 GMT","pragma":"no-cache","content-type":"application/json; charset=utf-8","vary":"X-Origin, Referer, Origin,Accept-Encoding","server":"scaffolding on HTTPServer2","x-xss-protection":"0","x-frame-options":"SAMEORIGIN","x-content-type-options":"nosniff","alt-svc":"h3=\":443\"; ma=2592000,h3-29=\":443\"; ma=2592000,h3-T051=\":443\"; ma=2592000,h3-Q050=\":443\"; ma=2592000,h3-Q046=\":443\"; ma=2592000,h3-Q043=\":443\"; ma=2592000,quic=\":443\"; ma=2592000; v=\"46,43\"","accept-ranges":"none","transfer-encoding":"chunked"}
[debug] [2021-07-22T08:46:32.794Z] >>> [apiv2][query] POST https://firebasehosting.googleapis.com/v1beta1/sites/waldo-39119/versions/18cec26c05b064ce:populateFiles [none]
[debug] [2021-07-22T08:46:32.794Z] >>> [apiv2][body] POST https://firebasehosting.googleapis.com/v1beta1/sites/waldo-39119/versions/18cec26c05b064ce:populateFiles {"files":{"/asset-manifest.json":"c2e47822e68caca0bd7db5289a0f8b482bd23067c971c8a007a8c3adb632a69f","/index.html":"f211d12b05fff2e2c7561b94110be8af4bf8fda6cd4a6cc94b63f2b06ae0383f","/manifest.json":"341d52628782f8ac9290bbfc43298afccb47b7cbfcee146ae30cf0f46bc30900","/robots.txt":"391d14b3c2f8c9143a27a28c7399585142228d4d1bdbe2c87ac946de411fa9a2","/logo192.png":"caff018b7f1e8fd481eb1c50d75b0ef236bcd5078b1d15c8bb348453fee30293","/static/css/main.f3e56230.chunk.css":"c68383d94046f0551fbdb812afca68a866b9852870afe1b07592f8130ae5a996","/static/css/main.f3e56230.chunk.css.map":"3aa7e45ed65e56182740904b46c08f70d49e104608937751f88f6bf8c4d90b16","/static/js/2.8a21e29c.chunk.js.LICENSE.txt":"792fb29887d362739d224cd7f26727f08d76efdfc89bb751deefd922183d7234","/logo512.png":"191fc21360b4ccfb1cda11a1efb97f489ed22672ca83f4064316802bbfdd750e","/static/js/main.b99048a3.chunk.js":"076cb4301e305f59d753a6cb9168ae07d2aaf2798144ab68be1897e522ac6aed","/static/js/runtime-main.d57af93e.js":"8496e9c2a3b3bde859e09c6d1d2a4067f61673edf8147f8e002432240a173c01","/static/js/runtime-main.d57af93e.js.map":"30ead562b515cfe7efcc4620b96305b3a44c4a33a5ffd890ad7d824ab3d6d480","/favicon.ico":"30061b5af83f4a02c5e83b7c172f78fdc35dc67cb089c2cc5fc835d9c316423d","/static/js/main.b99048a3.chunk.js.map":"3aa703a990e17dafc9a1221379665d4f3051b1f425ab1940ce695690eda81c10","/static/js/2.8a21e29c.chunk.js":"14f1f78398d44306bd6ba3d286a6cb5ca4eb7598d840372a2e2b559213cd76ea","/static/media/image5.64b04029.jpeg":"aaa7bf53cce65204607074a81f2c3962107348330e9d8ae618e75aa3b504a280","/static/media/image2.6fc61e4f.jpeg":"9abb6e887a602e2b800113fe2bb3d88eb71a6efa328b043802d256fbd2aeef13","/static/media/image6.0f3abf15.jpeg":"a2aececbd6dca080eb349502ea0f6c2979cbe09d5bdfc90dda07169ebc64dada","/static/js/2.8a21e29c.chunk.js.map":"e7a16e9bb4a7aa8b6d721f242e2df5068aae9b93d8115fa53a7eae5f629a1e13"}}
[debug] [2021-07-22T08:46:34.038Z] <<< [apiv2][status] POST https://firebasehosting.googleapis.com/v1beta1/sites/waldo-39119/versions/18cec26c05b064ce:populateFiles 200
[debug] [2021-07-22T08:46:34.038Z] <<< [apiv2][body] POST https://firebasehosting.googleapis.com/v1beta1/sites/waldo-39119/versions/18cec26c05b064ce:populateFiles {"uploadRequiredHashes":["c2e47822e68caca0bd7db5289a0f8b482bd23067c971c8a007a8c3adb632a69f","f211d12b05fff2e2c7561b94110be8af4bf8fda6cd4a6cc94b63f2b06ae0383f","14f1f78398d44306bd6ba3d286a6cb5ca4eb7598d840372a2e2b559213cd76ea","e7a16e9bb4a7aa8b6d721f242e2df5068aae9b93d8115fa53a7eae5f629a1e13","3aa703a990e17dafc9a1221379665d4f3051b1f425ab1940ce695690eda81c10","076cb4301e305f59d753a6cb9168ae07d2aaf2798144ab68be1897e522ac6aed"],"uploadUrl":"https://upload-firebasehosting.googleapis.com/upload/sites/waldo-39119/versions/18cec26c05b064ce/files"}
[debug] [2021-07-22T08:46:34.040Z] >>> [apiv2][query] POST https://upload-firebasehosting.googleapis.com/upload/sites/waldo-39119/versions/18cec26c05b064ce/files/c2e47822e68caca0bd7db5289a0f8b482bd23067c971c8a007a8c3adb632a69f [none]
[debug] [2021-07-22T08:46:34.040Z] >>> [apiv2][body] POST https://upload-firebasehosting.googleapis.com/upload/sites/waldo-39119/versions/18cec26c05b064ce/files/c2e47822e68caca0bd7db5289a0f8b482bd23067c971c8a007a8c3adb632a69f [stream]
[debug] [2021-07-22T08:46:34.041Z] >>> [apiv2][query] POST https://upload-firebasehosting.googleapis.com/upload/sites/waldo-39119/versions/18cec26c05b064ce/files/f211d12b05fff2e2c7561b94110be8af4bf8fda6cd4a6cc94b63f2b06ae0383f [none]
[debug] [2021-07-22T08:46:34.042Z] >>> [apiv2][body] POST https://upload-firebasehosting.googleapis.com/upload/sites/waldo-39119/versions/18cec26c05b064ce/files/f211d12b05fff2e2c7561b94110be8af4bf8fda6cd4a6cc94b63f2b06ae0383f [stream]
[debug] [2021-07-22T08:46:34.043Z] >>> [apiv2][query] POST https://upload-firebasehosting.googleapis.com/upload/sites/waldo-39119/versions/18cec26c05b064ce/files/14f1f78398d44306bd6ba3d286a6cb5ca4eb7598d840372a2e2b559213cd76ea [none]
[debug] [2021-07-22T08:46:34.043Z] >>> [apiv2][body] POST https://upload-firebasehosting.googleapis.com/upload/sites/waldo-39119/versions/18cec26c05b064ce/files/14f1f78398d44306bd6ba3d286a6cb5ca4eb7598d840372a2e2b559213cd76ea [stream]
[debug] [2021-07-22T08:46:34.044Z] >>> [apiv2][query] POST https://upload-firebasehosting.googleapis.com/upload/sites/waldo-39119/versions/18cec26c05b064ce/files/e7a16e9bb4a7aa8b6d721f242e2df5068aae9b93d8115fa53a7eae5f629a1e13 [none]
[debug] [2021-07-22T08:46:34.044Z] >>> [apiv2][body] POST https://upload-firebasehosting.googleapis.com/upload/sites/waldo-39119/versions/18cec26c05b064ce/files/e7a16e9bb4a7aa8b6d721f242e2df5068aae9b93d8115fa53a7eae5f629a1e13 [stream]
[debug] [2021-07-22T08:46:34.044Z] >>> [apiv2][query] POST https://upload-firebasehosting.googleapis.com/upload/sites/waldo-39119/versions/18cec26c05b064ce/files/3aa703a990e17dafc9a1221379665d4f3051b1f425ab1940ce695690eda81c10 [none]
[debug] [2021-07-22T08:46:34.045Z] >>> [apiv2][body] POST https://upload-firebasehosting.googleapis.com/upload/sites/waldo-39119/versions/18cec26c05b064ce/files/3aa703a990e17dafc9a1221379665d4f3051b1f425ab1940ce695690eda81c10 [stream]
[debug] [2021-07-22T08:46:34.045Z] >>> [apiv2][query] POST https://upload-firebasehosting.googleapis.com/upload/sites/waldo-39119/versions/18cec26c05b064ce/files/076cb4301e305f59d753a6cb9168ae07d2aaf2798144ab68be1897e522ac6aed [none]
[debug] [2021-07-22T08:46:34.045Z] >>> [apiv2][body] POST https://upload-firebasehosting.googleapis.com/upload/sites/waldo-39119/versions/18cec26c05b064ce/files/076cb4301e305f59d753a6cb9168ae07d2aaf2798144ab68be1897e522ac6aed [stream]
[debug] [2021-07-22T08:46:34.046Z] [hosting][populate queue][FINAL] {"max":1463,"min":1463,"avg":1463,"active":0,"complete":1,"success":1,"errored":0,"retried":0,"total":1,"elapsed":1469}
[debug] [2021-07-22T08:46:34.047Z] [hosting] uploads queued: 6
